<?xml version="1.0" encoding="UTF-8"?>
<testsuite time="10.228" failures="0" tests="1" name="tests.ecosystem_paramGen.ecosystem_monaie" >
  <testcase time="10.221" classname="tests.ecosystem_paramGen.ecosystem_monaie" name="suppMonaie.ta" />
</testsuite>